
*** Running vivado
    with args -log pong.vds -m64 -product Vivado -mode batch -messageDb vivado.pb -notrace -source pong.tcl


****** Vivado v2019.2 (64-bit)
  **** SW Build 2708876 on Wed Nov  6 21:40:23 MST 2019
  **** IP Build 2700528 on Thu Nov  7 00:09:20 MST 2019
    ** Copyright 1986-2019 Xilinx, Inc. All Rights Reserved.

source pong.tcl -notrace
Command: synth_design -top pong -part xc7a100tcsg324-1
Starting synth_design
Attempting to get a license for feature 'Synthesis' and/or device 'xc7a100t'
INFO: [Common 17-349] Got license for feature 'Synthesis' and/or device 'xc7a100t'
INFO: [Device 21-403] Loading part xc7a100tcsg324-1
INFO: Launching helper process for spawning children vivado processes
INFO: Helper process launched with PID 19492 
---------------------------------------------------------------------------------
Starting RTL Elaboration : Time (s): cpu = 00:00:05 ; elapsed = 00:00:05 . Memory (MB): peak = 877.598 ; gain = 234.688
---------------------------------------------------------------------------------
INFO: [Synth 8-638] synthesizing module 'pong' [C:/Users/Mitko/Desktop/CPE487 Digital System Design/Lab 6 - Video Game PONG/Lab 6 - Video Game PONG.srcs/sources_1/new/pong.vhd:47]
INFO: [Synth 8-3491] module 'adc_if' declared at 'C:/Users/Mitko/Desktop/CPE487 Digital System Design/Lab 6 - Video Game PONG/Lab 6 - Video Game PONG.srcs/sources_1/new/adc_if.vhd:8' bound to instance 'adc' of component 'adc_if' [C:/Users/Mitko/Desktop/CPE487 Digital System Design/Lab 6 - Video Game PONG/Lab 6 - Video Game PONG.srcs/sources_1/new/pong.vhd:207]
INFO: [Synth 8-638] synthesizing module 'adc_if' [C:/Users/Mitko/Desktop/CPE487 Digital System Design/Lab 6 - Video Game PONG/Lab 6 - Video Game PONG.srcs/sources_1/new/adc_if.vhd:27]
INFO: [Synth 8-256] done synthesizing module 'adc_if' (1#1) [C:/Users/Mitko/Desktop/CPE487 Digital System Design/Lab 6 - Video Game PONG/Lab 6 - Video Game PONG.srcs/sources_1/new/adc_if.vhd:27]
INFO: [Synth 8-3491] module 'bat_n_ball' declared at 'C:/Users/Mitko/Desktop/CPE487 Digital System Design/Lab 6 - Video Game PONG/Lab 6 - Video Game PONG.srcs/sources_1/new/bat_n_ball.vhd:6' bound to instance 'add_bb' of component 'bat_n_ball' [C:/Users/Mitko/Desktop/CPE487 Digital System Design/Lab 6 - Video Game PONG/Lab 6 - Video Game PONG.srcs/sources_1/new/pong.vhd:225]
INFO: [Synth 8-638] synthesizing module 'bat_n_ball' [C:/Users/Mitko/Desktop/CPE487 Digital System Design/Lab 6 - Video Game PONG/Lab 6 - Video Game PONG.srcs/sources_1/new/bat_n_ball.vhd:21]
WARNING: [Synth 8-614] signal 'game_on' is read in the process but is not in the sensitivity list [C:/Users/Mitko/Desktop/CPE487 Digital System Design/Lab 6 - Video Game PONG/Lab 6 - Video Game PONG.srcs/sources_1/new/bat_n_ball.vhd:65]
WARNING: [Synth 8-614] signal 'bat_w' is read in the process but is not in the sensitivity list [C:/Users/Mitko/Desktop/CPE487 Digital System Design/Lab 6 - Video Game PONG/Lab 6 - Video Game PONG.srcs/sources_1/new/bat_n_ball.vhd:107]
WARNING: [Synth 8-6014] Unused sequential element temp_reg was removed.  [C:/Users/Mitko/Desktop/CPE487 Digital System Design/Lab 6 - Video Game PONG/Lab 6 - Video Game PONG.srcs/sources_1/new/bat_n_ball.vhd:213]
INFO: [Synth 8-256] done synthesizing module 'bat_n_ball' (2#1) [C:/Users/Mitko/Desktop/CPE487 Digital System Design/Lab 6 - Video Game PONG/Lab 6 - Video Game PONG.srcs/sources_1/new/bat_n_ball.vhd:21]
INFO: [Synth 8-3491] module 'vga_sync' declared at 'C:/Users/Mitko/Desktop/CPE487 Digital System Design/Lab 6 - Video Game PONG/Lab 6 - Video Game PONG.srcs/sources_1/new/vga_sync.vhd:8' bound to instance 'vga_driver' of component 'vga_sync' [C:/Users/Mitko/Desktop/CPE487 Digital System Design/Lab 6 - Video Game PONG/Lab 6 - Video Game PONG.srcs/sources_1/new/pong.vhd:251]
INFO: [Synth 8-638] synthesizing module 'vga_sync' [C:/Users/Mitko/Desktop/CPE487 Digital System Design/Lab 6 - Video Game PONG/Lab 6 - Video Game PONG.srcs/sources_1/new/vga_sync.vhd:39]
WARNING: [Synth 8-6014] Unused sequential element video_on_reg was removed.  [C:/Users/Mitko/Desktop/CPE487 Digital System Design/Lab 6 - Video Game PONG/Lab 6 - Video Game PONG.srcs/sources_1/new/vga_sync.vhd:111]
INFO: [Synth 8-256] done synthesizing module 'vga_sync' (3#1) [C:/Users/Mitko/Desktop/CPE487 Digital System Design/Lab 6 - Video Game PONG/Lab 6 - Video Game PONG.srcs/sources_1/new/vga_sync.vhd:39]
INFO: [Synth 8-3491] module 'leddec16' declared at 'C:/Users/Mitko/Desktop/CPE487 Digital System Design/Lab 6 - Video Game PONG/Lab 6 - Video Game PONG.srcs/sources_1/new/leddec16.vhd:6' bound to instance 'led1' of component 'leddec16' [C:/Users/Mitko/Desktop/CPE487 Digital System Design/Lab 6 - Video Game PONG/Lab 6 - Video Game PONG.srcs/sources_1/new/pong.vhd:281]
INFO: [Synth 8-638] synthesizing module 'leddec16' [C:/Users/Mitko/Desktop/CPE487 Digital System Design/Lab 6 - Video Game PONG/Lab 6 - Video Game PONG.srcs/sources_1/new/leddec16.vhd:21]
INFO: [Synth 8-256] done synthesizing module 'leddec16' (4#1) [C:/Users/Mitko/Desktop/CPE487 Digital System Design/Lab 6 - Video Game PONG/Lab 6 - Video Game PONG.srcs/sources_1/new/leddec16.vhd:21]
INFO: [Synth 8-256] done synthesizing module 'pong' (5#1) [C:/Users/Mitko/Desktop/CPE487 Digital System Design/Lab 6 - Video Game PONG/Lab 6 - Video Game PONG.srcs/sources_1/new/pong.vhd:47]
WARNING: [Synth 8-3917] design pong has port VGA_red[1] driven by constant 0
WARNING: [Synth 8-3917] design pong has port VGA_red[0] driven by constant 0
WARNING: [Synth 8-3917] design pong has port VGA_green[1] driven by constant 0
WARNING: [Synth 8-3917] design pong has port VGA_green[0] driven by constant 0
WARNING: [Synth 8-3917] design pong has port VGA_blue[0] driven by constant 0
---------------------------------------------------------------------------------
Finished RTL Elaboration : Time (s): cpu = 00:00:07 ; elapsed = 00:00:07 . Memory (MB): peak = 950.145 ; gain = 307.234
---------------------------------------------------------------------------------

Report Check Netlist: 
+------+------------------+-------+---------+-------+------------------+
|      |Item              |Errors |Warnings |Status |Description       |
+------+------------------+-------+---------+-------+------------------+
|1     |multi_driven_nets |      0|        0|Passed |Multi driven nets |
+------+------------------+-------+---------+-------+------------------+
---------------------------------------------------------------------------------
Start Handling Custom Attributes
---------------------------------------------------------------------------------
---------------------------------------------------------------------------------
Finished Handling Custom Attributes : Time (s): cpu = 00:00:07 ; elapsed = 00:00:07 . Memory (MB): peak = 950.145 ; gain = 307.234
---------------------------------------------------------------------------------
---------------------------------------------------------------------------------
Finished RTL Optimization Phase 1 : Time (s): cpu = 00:00:07 ; elapsed = 00:00:07 . Memory (MB): peak = 950.145 ; gain = 307.234
---------------------------------------------------------------------------------
Netlist sorting complete. Time (s): cpu = 00:00:01 ; elapsed = 00:00:00.010 . Memory (MB): peak = 950.145 ; gain = 0.000
INFO: [Project 1-570] Preparing netlist for logic optimization

Processing XDC Constraints
Initializing timing engine
Parsing XDC File [C:/Users/Mitko/Desktop/CPE487 Digital System Design/Lab 6 - Video Game PONG/Lab 6 - Video Game PONG.srcs/constrs_1/new/pong.xdc]
Finished Parsing XDC File [C:/Users/Mitko/Desktop/CPE487 Digital System Design/Lab 6 - Video Game PONG/Lab 6 - Video Game PONG.srcs/constrs_1/new/pong.xdc]
INFO: [Project 1-236] Implementation specific constraints were found while reading constraint file [C:/Users/Mitko/Desktop/CPE487 Digital System Design/Lab 6 - Video Game PONG/Lab 6 - Video Game PONG.srcs/constrs_1/new/pong.xdc]. These constraints will be ignored for synthesis but will be used in implementation. Impacted constraints are listed in the file [.Xil/pong_propImpl.xdc].
Resolution: To avoid this warning, move constraints listed in [.Xil/pong_propImpl.xdc] to another XDC file and exclude this new file from synthesis with the used_in_synthesis property (File Properties dialog in GUI) and re-run elaboration/synthesis.
Completed Processing XDC Constraints

Netlist sorting complete. Time (s): cpu = 00:00:00 ; elapsed = 00:00:00 . Memory (MB): peak = 1057.492 ; gain = 0.000
INFO: [Project 1-111] Unisim Transformation Summary:
No Unisim elements were transformed.

Constraint Validation Runtime : Time (s): cpu = 00:00:00 ; elapsed = 00:00:00.009 . Memory (MB): peak = 1057.492 ; gain = 0.000
---------------------------------------------------------------------------------
Finished Constraint Validation : Time (s): cpu = 00:00:16 ; elapsed = 00:00:16 . Memory (MB): peak = 1057.492 ; gain = 414.582
---------------------------------------------------------------------------------
---------------------------------------------------------------------------------
Start Loading Part and Timing Information
---------------------------------------------------------------------------------
Loading part: xc7a100tcsg324-1
---------------------------------------------------------------------------------
Finished Loading Part and Timing Information : Time (s): cpu = 00:00:16 ; elapsed = 00:00:16 . Memory (MB): peak = 1057.492 ; gain = 414.582
---------------------------------------------------------------------------------
---------------------------------------------------------------------------------
Start Applying 'set_property' XDC Constraints
---------------------------------------------------------------------------------
---------------------------------------------------------------------------------
Finished applying 'set_property' XDC Constraints : Time (s): cpu = 00:00:16 ; elapsed = 00:00:16 . Memory (MB): peak = 1057.492 ; gain = 414.582
---------------------------------------------------------------------------------
INFO: [Synth 8-5818] HDL ADVISOR - The operator resource <adder> is shared. To prevent sharing consider applying a KEEP on the output of the operator [C:/Users/Mitko/Desktop/CPE487 Digital System Design/Lab 6 - Video Game PONG/Lab 6 - Video Game PONG.srcs/sources_1/new/bat_n_ball.vhd:81]
INFO: [Synth 8-5818] HDL ADVISOR - The operator resource <adder> is shared. To prevent sharing consider applying a KEEP on the output of the operator [C:/Users/Mitko/Desktop/CPE487 Digital System Design/Lab 6 - Video Game PONG/Lab 6 - Video Game PONG.srcs/sources_1/new/bat_n_ball.vhd:71]
---------------------------------------------------------------------------------
Finished RTL Optimization Phase 2 : Time (s): cpu = 00:00:16 ; elapsed = 00:00:16 . Memory (MB): peak = 1057.492 ; gain = 414.582
---------------------------------------------------------------------------------

Report RTL Partitions: 
+-+--------------+------------+----------+
| |RTL Partition |Replication |Instances |
+-+--------------+------------+----------+
+-+--------------+------------+----------+
---------------------------------------------------------------------------------
Start RTL Component Statistics 
---------------------------------------------------------------------------------
Detailed RTL Component Info : 
+---Adders : 
	   2 Input     11 Bit       Adders := 2     
	   2 Input     10 Bit       Adders := 12    
	   3 Input     10 Bit       Adders := 3     
	   2 Input      6 Bit       Adders := 1     
+---Registers : 
	               16 Bit    Registers := 1     
	               12 Bit    Registers := 4     
	               10 Bit    Registers := 9     
	                5 Bit    Registers := 1     
	                1 Bit    Registers := 8     
+---Muxes : 
	   2 Input     10 Bit        Muxes := 8     
	   3 Input     10 Bit        Muxes := 1     
	   5 Input      4 Bit        Muxes := 1     
	   4 Input      4 Bit        Muxes := 1     
	   2 Input      1 Bit        Muxes := 6     
---------------------------------------------------------------------------------
Finished RTL Component Statistics 
---------------------------------------------------------------------------------
---------------------------------------------------------------------------------
Start RTL Hierarchical Component Statistics 
---------------------------------------------------------------------------------
Hierarchical RTL Component report 
Module pong 
Detailed RTL Component Info : 
+---Adders : 
	   2 Input     10 Bit       Adders := 2     
+---Registers : 
	               10 Bit    Registers := 1     
	                1 Bit    Registers := 1     
Module adc_if 
Detailed RTL Component Info : 
+---Registers : 
	               12 Bit    Registers := 4     
Module bat_n_ball 
Detailed RTL Component Info : 
+---Adders : 
	   2 Input     11 Bit       Adders := 2     
	   2 Input     10 Bit       Adders := 8     
	   3 Input     10 Bit       Adders := 3     
	   2 Input      6 Bit       Adders := 1     
+---Registers : 
	               16 Bit    Registers := 1     
	               10 Bit    Registers := 4     
	                5 Bit    Registers := 1     
	                1 Bit    Registers := 2     
+---Muxes : 
	   2 Input     10 Bit        Muxes := 8     
	   3 Input     10 Bit        Muxes := 1     
	   2 Input      1 Bit        Muxes := 6     
Module vga_sync 
Detailed RTL Component Info : 
+---Adders : 
	   2 Input     10 Bit       Adders := 2     
+---Registers : 
	               10 Bit    Registers := 4     
	                1 Bit    Registers := 5     
Module leddec16 
Detailed RTL Component Info : 
+---Muxes : 
	   5 Input      4 Bit        Muxes := 1     
	   4 Input      4 Bit        Muxes := 1     
---------------------------------------------------------------------------------
Finished RTL Hierarchical Component Statistics
---------------------------------------------------------------------------------
---------------------------------------------------------------------------------
Start Part Resource Summary
---------------------------------------------------------------------------------
Part Resources:
DSPs: 240 (col length:80)
BRAMs: 270 (col length: RAMB18 80 RAMB36 40)
---------------------------------------------------------------------------------
Finished Part Resource Summary
---------------------------------------------------------------------------------
---------------------------------------------------------------------------------
Start Cross Boundary and Area Optimization
---------------------------------------------------------------------------------
Warning: Parallel synthesis criteria is not met 
INFO: [Synth 8-5544] ROM "p_0_out" won't be mapped to Block RAM because address size (4) smaller than threshold (5)
DSP Report: Generating DSP add_bb/multOp, operation Mode is: A*B.
DSP Report: operator add_bb/multOp is absorbed into DSP add_bb/multOp.
DSP Report: Generating DSP add_bb/plusOp, operation Mode is: PCIN+A*B.
DSP Report: operator add_bb/plusOp is absorbed into DSP add_bb/plusOp.
DSP Report: operator add_bb/multOp is absorbed into DSP add_bb/plusOp.
WARNING: [Synth 8-3917] design pong has port VGA_red[1] driven by constant 0
WARNING: [Synth 8-3917] design pong has port VGA_red[0] driven by constant 0
WARNING: [Synth 8-3917] design pong has port VGA_green[1] driven by constant 0
WARNING: [Synth 8-3917] design pong has port VGA_green[0] driven by constant 0
WARNING: [Synth 8-3917] design pong has port VGA_blue[0] driven by constant 0
WARNING: [Synth 8-3331] design pong has unconnected port ADC_SDATA1
INFO: [Synth 8-3886] merging instance 'add_bb/ball_y_motion_reg[5]' (FDE) to 'add_bb/ball_y_motion_reg[9]'
INFO: [Synth 8-3886] merging instance 'add_bb/ball_y_motion_reg[6]' (FDE) to 'add_bb/ball_y_motion_reg[9]'
INFO: [Synth 8-3886] merging instance 'add_bb/ball_y_motion_reg[7]' (FDE) to 'add_bb/ball_y_motion_reg[9]'
INFO: [Synth 8-3886] merging instance 'add_bb/ball_y_motion_reg[8]' (FDE) to 'add_bb/ball_y_motion_reg[9]'
INFO: [Synth 8-3886] merging instance 'add_bb/ball_x_motion_reg[6]' (FDE) to 'add_bb/ball_x_motion_reg[9]'
INFO: [Synth 8-3886] merging instance 'add_bb/ball_x_motion_reg[7]' (FDE) to 'add_bb/ball_x_motion_reg[9]'
INFO: [Synth 8-3886] merging instance 'add_bb/ball_x_motion_reg[8]' (FDE) to 'add_bb/ball_x_motion_reg[9]'
INFO: [Synth 8-3886] merging instance 'vga_driver/blue_out_reg' (FD) to 'vga_driver/green_out_reg'
---------------------------------------------------------------------------------
Finished Cross Boundary and Area Optimization : Time (s): cpu = 00:00:20 ; elapsed = 00:00:20 . Memory (MB): peak = 1057.492 ; gain = 414.582
---------------------------------------------------------------------------------
---------------------------------------------------------------------------------
Start ROM, RAM, DSP and Shift Register Reporting
---------------------------------------------------------------------------------

DSP: Preliminary Mapping	Report (see note below)
+------------+-------------+--------+--------+--------+--------+--------+------+------+------+------+-------+------+------+
|Module Name | DSP Mapping | A Size | B Size | C Size | D Size | P Size | AREG | BREG | CREG | DREG | ADREG | MREG | PREG | 
+------------+-------------+--------+--------+--------+--------+--------+------+------+------+------+-------+------+------+
|bat_n_ball  | A*B         | 10     | 10     | -      | -      | 20     | 0    | 0    | -    | -    | -     | 0    | 0    | 
|bat_n_ball  | PCIN+A*B    | 10     | 10     | -      | -      | 20     | 0    | 0    | -    | -    | -     | 0    | 0    | 
+------------+-------------+--------+--------+--------+--------+--------+------+------+------+------+-------+------+------+

Note: The table above is a preliminary report that shows the DSPs inferred at the current stage of the synthesis flow. Some DSP may be reimplemented as non DSP primitives later in the synthesis flow. Multiple instantiated DSPs are reported only once.
---------------------------------------------------------------------------------
Finished ROM, RAM, DSP and Shift Register Reporting
---------------------------------------------------------------------------------

Report RTL Partitions: 
+-+--------------+------------+----------+
| |RTL Partition |Replication |Instances |
+-+--------------+------------+----------+
+-+--------------+------------+----------+
---------------------------------------------------------------------------------
Start Applying XDC Timing Constraints
---------------------------------------------------------------------------------
---------------------------------------------------------------------------------
Finished Applying XDC Timing Constraints : Time (s): cpu = 00:00:34 ; elapsed = 00:00:35 . Memory (MB): peak = 1077.078 ; gain = 434.168
---------------------------------------------------------------------------------
---------------------------------------------------------------------------------
Start Timing Optimization
---------------------------------------------------------------------------------
---------------------------------------------------------------------------------
Finished Timing Optimization : Time (s): cpu = 00:00:34 ; elapsed = 00:00:35 . Memory (MB): peak = 1088.316 ; gain = 445.406
---------------------------------------------------------------------------------

Report RTL Partitions: 
+-+--------------+------------+----------+
| |RTL Partition |Replication |Instances |
+-+--------------+------------+----------+
+-+--------------+------------+----------+
---------------------------------------------------------------------------------
Start Technology Mapping
---------------------------------------------------------------------------------
---------------------------------------------------------------------------------
Finished Technology Mapping : Time (s): cpu = 00:00:35 ; elapsed = 00:00:35 . Memory (MB): peak = 1099.414 ; gain = 456.504
---------------------------------------------------------------------------------

Report RTL Partitions: 
+-+--------------+------------+----------+
| |RTL Partition |Replication |Instances |
+-+--------------+------------+----------+
+-+--------------+------------+----------+
---------------------------------------------------------------------------------
Start IO Insertion
---------------------------------------------------------------------------------
---------------------------------------------------------------------------------
Start Flattening Before IO Insertion
---------------------------------------------------------------------------------
---------------------------------------------------------------------------------
Finished Flattening Before IO Insertion
---------------------------------------------------------------------------------
---------------------------------------------------------------------------------
Start Final Netlist Cleanup
---------------------------------------------------------------------------------
---------------------------------------------------------------------------------
Finished Final Netlist Cleanup
---------------------------------------------------------------------------------
---------------------------------------------------------------------------------
Finished IO Insertion : Time (s): cpu = 00:00:40 ; elapsed = 00:00:40 . Memory (MB): peak = 1104.203 ; gain = 461.293
---------------------------------------------------------------------------------
---------------------------------------------------------------------------------
Start Renaming Generated Instances
---------------------------------------------------------------------------------
---------------------------------------------------------------------------------
Finished Renaming Generated Instances : Time (s): cpu = 00:00:40 ; elapsed = 00:00:40 . Memory (MB): peak = 1104.203 ; gain = 461.293
---------------------------------------------------------------------------------

Report RTL Partitions: 
+-+--------------+------------+----------+
| |RTL Partition |Replication |Instances |
+-+--------------+------------+----------+
+-+--------------+------------+----------+

Report Check Netlist: 
+------+------------------+-------+---------+-------+------------------+
|      |Item              |Errors |Warnings |Status |Description       |
+------+------------------+-------+---------+-------+------------------+
|1     |multi_driven_nets |      0|        0|Passed |Multi driven nets |
+------+------------------+-------+---------+-------+------------------+
---------------------------------------------------------------------------------
Start Rebuilding User Hierarchy
---------------------------------------------------------------------------------
---------------------------------------------------------------------------------
Finished Rebuilding User Hierarchy : Time (s): cpu = 00:00:40 ; elapsed = 00:00:40 . Memory (MB): peak = 1104.203 ; gain = 461.293
---------------------------------------------------------------------------------
---------------------------------------------------------------------------------
Start Renaming Generated Ports
---------------------------------------------------------------------------------
---------------------------------------------------------------------------------
Finished Renaming Generated Ports : Time (s): cpu = 00:00:40 ; elapsed = 00:00:40 . Memory (MB): peak = 1104.203 ; gain = 461.293
---------------------------------------------------------------------------------
---------------------------------------------------------------------------------
Start Handling Custom Attributes
---------------------------------------------------------------------------------
---------------------------------------------------------------------------------
Finished Handling Custom Attributes : Time (s): cpu = 00:00:40 ; elapsed = 00:00:40 . Memory (MB): peak = 1104.203 ; gain = 461.293
---------------------------------------------------------------------------------
---------------------------------------------------------------------------------
Start Renaming Generated Nets
---------------------------------------------------------------------------------
---------------------------------------------------------------------------------
Finished Renaming Generated Nets : Time (s): cpu = 00:00:40 ; elapsed = 00:00:40 . Memory (MB): peak = 1104.203 ; gain = 461.293
---------------------------------------------------------------------------------
---------------------------------------------------------------------------------
Start ROM, RAM, DSP and Shift Register Reporting
---------------------------------------------------------------------------------

Static Shift Register Report:
+------------+-------------------+--------+-------+--------------+--------------------+-------------------+--------+---------+
|Module Name | RTL Name          | Length | Width | Reset Signal | Pull out first Reg | Pull out last Reg | SRL16E | SRLC32E | 
+------------+-------------------+--------+-------+--------------+--------------------+-------------------+--------+---------+
|pong        | adc/pdata2_reg[3] | 4      | 1     | NO           | YES                | YES               | 1      | 0       | 
+------------+-------------------+--------+-------+--------------+--------------------+-------------------+--------+---------+

---------------------------------------------------------------------------------
Finished ROM, RAM, DSP and Shift Register Reporting
---------------------------------------------------------------------------------
---------------------------------------------------------------------------------
Start Writing Synthesis Report
---------------------------------------------------------------------------------

Report BlackBoxes: 
+-+--------------+----------+
| |BlackBox name |Instances |
+-+--------------+----------+
+-+--------------+----------+

Report Cell Usage: 
+------+--------+------+
|      |Cell    |Count |
+------+--------+------+
|1     |BUFG    |     3|
|2     |CARRY4  |    49|
|3     |DSP48E1 |     2|
|4     |LUT1    |    20|
|5     |LUT2    |    92|
|6     |LUT3    |    31|
|7     |LUT4    |    91|
|8     |LUT5    |    33|
|9     |LUT6    |    37|
|10    |SRL16E  |     1|
|11    |FDRE    |   169|
|12    |FDSE    |     7|
|13    |IBUF    |     8|
|14    |OBUF    |    23|
+------+--------+------+

Report Instance Areas: 
+------+-------------+-----------+------+
|      |Instance     |Module     |Cells |
+------+-------------+-----------+------+
|1     |top          |           |   566|
|2     |  adc        |adc_if     |    31|
|3     |  add_bb     |bat_n_ball |   329|
|4     |  vga_driver |vga_sync   |   123|
+------+-------------+-----------+------+
---------------------------------------------------------------------------------
Finished Writing Synthesis Report : Time (s): cpu = 00:00:40 ; elapsed = 00:00:40 . Memory (MB): peak = 1104.203 ; gain = 461.293
---------------------------------------------------------------------------------
Synthesis finished with 0 errors, 0 critical warnings and 6 warnings.
Synthesis Optimization Runtime : Time (s): cpu = 00:00:30 ; elapsed = 00:00:37 . Memory (MB): peak = 1104.203 ; gain = 353.945
Synthesis Optimization Complete : Time (s): cpu = 00:00:40 ; elapsed = 00:00:41 . Memory (MB): peak = 1104.203 ; gain = 461.293
INFO: [Project 1-571] Translating synthesized netlist
Netlist sorting complete. Time (s): cpu = 00:00:00 ; elapsed = 00:00:00.012 . Memory (MB): peak = 1104.203 ; gain = 0.000
INFO: [Netlist 29-17] Analyzing 51 Unisim elements for replacement
INFO: [Netlist 29-28] Unisim Transformation completed in 0 CPU seconds
INFO: [Project 1-570] Preparing netlist for logic optimization
INFO: [Opt 31-138] Pushed 0 inverter(s) to 0 load pin(s).
Netlist sorting complete. Time (s): cpu = 00:00:00 ; elapsed = 00:00:00 . Memory (MB): peak = 1104.203 ; gain = 0.000
INFO: [Project 1-111] Unisim Transformation Summary:
No Unisim elements were transformed.

INFO: [Common 17-83] Releasing license: Synthesis
37 Infos, 15 Warnings, 0 Critical Warnings and 0 Errors encountered.
synth_design completed successfully
synth_design: Time (s): cpu = 00:00:46 ; elapsed = 00:00:48 . Memory (MB): peak = 1104.203 ; gain = 771.555
Netlist sorting complete. Time (s): cpu = 00:00:00 ; elapsed = 00:00:00.001 . Memory (MB): peak = 1104.203 ; gain = 0.000
WARNING: [Constraints 18-5210] No constraints selected for write.
Resolution: This message can indicate that there are no constraints for the design, or it can indicate that the used_in flags are set such that the constraints are ignored. This later case is used when running synth_design to not write synthesis constraints to the resulting checkpoint. Instead, project constraints are read when the synthesized design is opened.
INFO: [Common 17-1381] The checkpoint 'C:/Users/Mitko/Desktop/CPE487 Digital System Design/Lab 6 - Video Game PONG/Lab 6 - Video Game PONG.runs/synth_1/pong.dcp' has been generated.
INFO: [runtcl-4] Executing : report_utilization -file pong_utilization_synth.rpt -pb pong_utilization_synth.pb
INFO: [Common 17-206] Exiting Vivado at Tue Apr 28 05:49:19 2020...
