#-----------------------------------------------------------
# Vivado v2019.2 (64-bit)
# SW Build 2708876 on Wed Nov  6 21:40:23 MST 2019
# IP Build 2700528 on Thu Nov  7 00:09:20 MST 2019
# Start of session at: Mon Apr 27 21:18:28 2020
# Process ID: 19568
# Current directory: C:/Users/Mitko/Desktop/CPE487 Digital System Design/Lab 6 - Video Game PONG
# Command line: vivado.exe -gui_launcher_event rodinguilauncherevent20168 C:\Users\Mitko\Desktop\CPE487 Digital System Design\Lab 6 - Video Game PONG\Lab 6 - Video Game PONG.xpr
# Log file: C:/Users/Mitko/Desktop/CPE487 Digital System Design/Lab 6 - Video Game PONG/vivado.log
# Journal file: C:/Users/Mitko/Desktop/CPE487 Digital System Design/Lab 6 - Video Game PONG\vivado.jou
#-----------------------------------------------------------
start_gui
open_project {C:/Users/Mitko/Desktop/CPE487 Digital System Design/Lab 6 - Video Game PONG/Lab 6 - Video Game PONG.xpr}
Scanning sources...
Finished scanning sources
INFO: [IP_Flow 19-234] Refreshing IP repositories
INFO: [IP_Flow 19-1704] No user IP repositories specified
INFO: [IP_Flow 19-2313] Loaded Vivado IP repository 'C:/Xilinx/Vivado/2019.2/data/ip'.
open_project: Time (s): cpu = 00:00:20 ; elapsed = 00:00:08 . Memory (MB): peak = 813.461 ; gain = 166.945
update_compile_order -fileset sources_1
WARNING: [filemgmt 56-199] Attempt to get parsing info during refresh. "On-the-fly" syntax checking information may be incorrect. [C:\Users\Mitko\Desktop\CPE487 Digital System Design\Lab 6 - Video Game PONG\Lab 6 - Video Game PONG.srcs\sources_1\new\adc_if.vhd:]
WARNING: [filemgmt 56-199] Attempt to get parsing info during refresh. "On-the-fly" syntax checking information may be incorrect. [C:\Users\Mitko\Desktop\CPE487 Digital System Design\Lab 6 - Video Game PONG\Lab 6 - Video Game PONG.srcs\sources_1\new\vga_sync.vhd:]
WARNING: [filemgmt 56-199] Attempt to get parsing info during refresh. "On-the-fly" syntax checking information may be incorrect. [C:\Users\Mitko\Desktop\CPE487 Digital System Design\Lab 6 - Video Game PONG\Lab 6 - Video Game PONG.srcs\sources_1\new\pong.vhd:]
WARNING: [filemgmt 56-199] Attempt to get parsing info during refresh. "On-the-fly" syntax checking information may be incorrect. [C:\Users\Mitko\Desktop\CPE487 Digital System Design\Lab 6 - Video Game PONG\Lab 6 - Video Game PONG.srcs\sources_1\new\bat_n_ball.vhd:]
update_compile_order -fileset sources_1
launch_runs synth_1 -jobs 4
[Mon Apr 27 21:32:28 2020] Launched synth_1...
Run output will be captured here: C:/Users/Mitko/Desktop/CPE487 Digital System Design/Lab 6 - Video Game PONG/Lab 6 - Video Game PONG.runs/synth_1/runme.log
launch_runs impl_1 -jobs 4
[Mon Apr 27 21:33:31 2020] Launched impl_1...
Run output will be captured here: C:/Users/Mitko/Desktop/CPE487 Digital System Design/Lab 6 - Video Game PONG/Lab 6 - Video Game PONG.runs/impl_1/runme.log
launch_runs impl_1 -to_step write_bitstream -jobs 4
[Mon Apr 27 21:35:26 2020] Launched impl_1...
Run output will be captured here: C:/Users/Mitko/Desktop/CPE487 Digital System Design/Lab 6 - Video Game PONG/Lab 6 - Video Game PONG.runs/impl_1/runme.log
open_run impl_1
INFO: [Device 21-403] Loading part xc7a100tcsg324-1
Netlist sorting complete. Time (s): cpu = 00:00:00 ; elapsed = 00:00:00.006 . Memory (MB): peak = 1130.664 ; gain = 0.000
INFO: [Netlist 29-17] Analyzing 31 Unisim elements for replacement
INFO: [Netlist 29-28] Unisim Transformation completed in 0 CPU seconds
INFO: [Project 1-479] Netlist was created with Vivado 2019.2
INFO: [Project 1-570] Preparing netlist for logic optimization
INFO: [Timing 38-478] Restoring timing data from binary archive.
INFO: [Timing 38-479] Binary timing data restore complete.
INFO: [Project 1-856] Restoring constraints from binary archive.
INFO: [Project 1-853] Binary constraint restore complete.
Reading XDEF placement.
Reading placer database...
Reading XDEF routing.
Read XDEF File: Time (s): cpu = 00:00:00 ; elapsed = 00:00:00.082 . Memory (MB): peak = 1745.301 ; gain = 0.000
Restored from archive | CPU: 0.000000 secs | Memory: 0.000000 MB |
Finished XDEF File Restore: Time (s): cpu = 00:00:00 ; elapsed = 00:00:00.082 . Memory (MB): peak = 1745.301 ; gain = 0.000
Netlist sorting complete. Time (s): cpu = 00:00:00 ; elapsed = 00:00:00 . Memory (MB): peak = 1745.301 ; gain = 0.000
INFO: [Project 1-111] Unisim Transformation Summary:
No Unisim elements were transformed.

open_run: Time (s): cpu = 00:00:39 ; elapsed = 00:00:29 . Memory (MB): peak = 1883.941 ; gain = 1016.840
open_hw_manager
connect_hw_server -allow_non_jtag
INFO: [Labtools 27-2285] Connecting to hw_server url TCP:localhost:3121
INFO: [Labtools 27-2222] Launching hw_server...
INFO: [Labtools 27-2221] Launch Output:

****** Xilinx hw_server v2019.2
  **** Build date : Nov  6 2019 at 22:12:23
    ** Copyright 1986-2019 Xilinx, Inc. All Rights Reserved.


INFO: [Labtools 27-3415] Connecting to cs_server url TCP:localhost:3042
INFO: [Labtools 27-3417] Launching cs_server...
INFO: [Labtools 27-2221] Launch Output:


****** Xilinx cs_server v2019.2.0
  **** Build date : Nov 07 2019-00:28:22
    ** Copyright 2017-2019 Xilinx, Inc. All Rights Reserved.



connect_hw_server: Time (s): cpu = 00:00:01 ; elapsed = 00:00:11 . Memory (MB): peak = 1902.320 ; gain = 15.066
open_hw_target
INFO: [Labtoolstcl 44-466] Opening hw_target localhost:3121/xilinx_tcf/Digilent/210292AD3623A
open_hw_target: Time (s): cpu = 00:00:06 ; elapsed = 00:00:06 . Memory (MB): peak = 3099.488 ; gain = 1197.168
set_property PROGRAM.FILE {C:/Users/Mitko/Desktop/CPE487 Digital System Design/Lab 6 - Video Game PONG/Lab 6 - Video Game PONG.runs/impl_1/pong.bit} [get_hw_devices xc7a100t_0]
current_hw_device [get_hw_devices xc7a100t_0]
refresh_hw_device -update_hw_probes false [lindex [get_hw_devices xc7a100t_0] 0]
INFO: [Labtools 27-1434] Device xc7a100t (JTAG device index = 0) is programmed with a design that has no supported debug core(s) in it.
set_property PROBES.FILE {} [get_hw_devices xc7a100t_0]
set_property FULL_PROBES.FILE {} [get_hw_devices xc7a100t_0]
set_property PROGRAM.FILE {C:/Users/Mitko/Desktop/CPE487 Digital System Design/Lab 6 - Video Game PONG/Lab 6 - Video Game PONG.runs/impl_1/pong.bit} [get_hw_devices xc7a100t_0]
program_hw_devices [get_hw_devices xc7a100t_0]
INFO: [Labtools 27-3164] End of startup status: HIGH
refresh_hw_device [lindex [get_hw_devices xc7a100t_0] 0]
INFO: [Labtools 27-1434] Device xc7a100t (JTAG device index = 0) is programmed with a design that has no supported debug core(s) in it.
set_property PROBES.FILE {} [get_hw_devices xc7a100t_0]
set_property FULL_PROBES.FILE {} [get_hw_devices xc7a100t_0]
set_property PROGRAM.FILE {C:/Users/Mitko/Desktop/CPE487 Digital System Design/Lab 6 - Video Game PONG/Lab 6 - Video Game PONG.runs/impl_1/pong.bit} [get_hw_devices xc7a100t_0]
program_hw_devices [get_hw_devices xc7a100t_0]
INFO: [Labtools 27-3164] End of startup status: HIGH
refresh_hw_device [lindex [get_hw_devices xc7a100t_0] 0]
INFO: [Labtools 27-1434] Device xc7a100t (JTAG device index = 0) is programmed with a design that has no supported debug core(s) in it.
ERROR: [Labtoolstcl 44-513] HW Target shutdown. Closing target: localhost:3121/xilinx_tcf/Digilent/210292AD3623A
INFO: [Labtoolstcl 44-466] Opening hw_target localhost:3121/xilinx_tcf/Digilent/210292AD3623A
INFO: [Labtools 27-1435] Device xc7a100t (JTAG device index = 0) is not programmed (DONE status = 0).
WARNING: [Labtoolstcl 44-129] No matching hw_ila_data was found.
set_property PROBES.FILE {} [get_hw_devices xc7a100t_0]
set_property FULL_PROBES.FILE {} [get_hw_devices xc7a100t_0]
set_property PROGRAM.FILE {C:/Users/Mitko/Desktop/CPE487 Digital System Design/Lab 6 - Video Game PONG/Lab 6 - Video Game PONG.runs/impl_1/pong.bit} [get_hw_devices xc7a100t_0]
program_hw_devices [get_hw_devices xc7a100t_0]
INFO: [Labtools 27-3164] End of startup status: HIGH
refresh_hw_device [lindex [get_hw_devices xc7a100t_0] 0]
INFO: [Labtools 27-1434] Device xc7a100t (JTAG device index = 0) is programmed with a design that has no supported debug core(s) in it.
reset_run synth_1
launch_runs synth_1 -jobs 4
[Mon Apr 27 21:42:02 2020] Launched synth_1...
Run output will be captured here: C:/Users/Mitko/Desktop/CPE487 Digital System Design/Lab 6 - Video Game PONG/Lab 6 - Video Game PONG.runs/synth_1/runme.log
reset_run synth_1
launch_runs synth_1 -jobs 4
[Mon Apr 27 21:43:08 2020] Launched synth_1...
Run output will be captured here: C:/Users/Mitko/Desktop/CPE487 Digital System Design/Lab 6 - Video Game PONG/Lab 6 - Video Game PONG.runs/synth_1/runme.log
reset_run synth_1
launch_runs synth_1 -jobs 4
[Mon Apr 27 21:53:20 2020] Launched synth_1...
Run output will be captured here: C:/Users/Mitko/Desktop/CPE487 Digital System Design/Lab 6 - Video Game PONG/Lab 6 - Video Game PONG.runs/synth_1/runme.log
launch_runs impl_1 -jobs 4
[Mon Apr 27 21:54:54 2020] Launched impl_1...
Run output will be captured here: C:/Users/Mitko/Desktop/CPE487 Digital System Design/Lab 6 - Video Game PONG/Lab 6 - Video Game PONG.runs/impl_1/runme.log
exit
INFO: [Common 17-206] Exiting Vivado at Mon Apr 27 21:58:54 2020...
