#-----------------------------------------------------------
# Vivado v2019.2 (64-bit)
# SW Build 2708876 on Wed Nov  6 21:40:23 MST 2019
# IP Build 2700528 on Thu Nov  7 00:09:20 MST 2019
# Start of session at: Tue Apr 28 04:07:20 2020
# Process ID: 13140
# Current directory: C:/Users/Mitko/Desktop/CPE487 Digital System Design/Lab 6 - Video Game PONG
# Command line: vivado.exe -gui_launcher_event rodinguilauncherevent6492 C:\Users\Mitko\Desktop\CPE487 Digital System Design\Lab 6 - Video Game PONG\Lab 6 - Video Game PONG.xpr
# Log file: C:/Users/Mitko/Desktop/CPE487 Digital System Design/Lab 6 - Video Game PONG/vivado.log
# Journal file: C:/Users/Mitko/Desktop/CPE487 Digital System Design/Lab 6 - Video Game PONG\vivado.jou
#-----------------------------------------------------------
start_gui
open_project {C:/Users/Mitko/Desktop/CPE487 Digital System Design/Lab 6 - Video Game PONG/Lab 6 - Video Game PONG.xpr}
Scanning sources...
Finished scanning sources
INFO: [IP_Flow 19-234] Refreshing IP repositories
INFO: [IP_Flow 19-1704] No user IP repositories specified
INFO: [IP_Flow 19-2313] Loaded Vivado IP repository 'C:/Xilinx/Vivado/2019.2/data/ip'.
open_project: Time (s): cpu = 00:00:19 ; elapsed = 00:00:08 . Memory (MB): peak = 832.121 ; gain = 152.820
update_compile_order -fileset sources_1
reset_run synth_1
launch_runs synth_1 -jobs 4
[Tue Apr 28 04:12:23 2020] Launched synth_1...
Run output will be captured here: C:/Users/Mitko/Desktop/CPE487 Digital System Design/Lab 6 - Video Game PONG/Lab 6 - Video Game PONG.runs/synth_1/runme.log
launch_runs impl_1 -jobs 4
[Tue Apr 28 04:13:27 2020] Launched impl_1...
Run output will be captured here: C:/Users/Mitko/Desktop/CPE487 Digital System Design/Lab 6 - Video Game PONG/Lab 6 - Video Game PONG.runs/impl_1/runme.log
launch_runs impl_1 -to_step write_bitstream -jobs 4
[Tue Apr 28 04:15:20 2020] Launched impl_1...
Run output will be captured here: C:/Users/Mitko/Desktop/CPE487 Digital System Design/Lab 6 - Video Game PONG/Lab 6 - Video Game PONG.runs/impl_1/runme.log
open_hw_manager
connect_hw_server -allow_non_jtag
INFO: [Labtools 27-2285] Connecting to hw_server url TCP:localhost:3121
INFO: [Labtools 27-2222] Launching hw_server...
INFO: [Labtools 27-2221] Launch Output:

****** Xilinx hw_server v2019.2
  **** Build date : Nov  6 2019 at 22:12:23
    ** Copyright 1986-2019 Xilinx, Inc. All Rights Reserved.


INFO: [Labtools 27-3415] Connecting to cs_server url TCP:localhost:3042
INFO: [Labtools 27-3417] Launching cs_server...
INFO: [Labtools 27-2221] Launch Output:


****** Xilinx cs_server v2019.2.0
  **** Build date : Nov 07 2019-00:28:22
    ** Copyright 2017-2019 Xilinx, Inc. All Rights Reserved.



connect_hw_server: Time (s): cpu = 00:00:01 ; elapsed = 00:00:11 . Memory (MB): peak = 925.953 ; gain = 5.324
open_hw_target
INFO: [Labtoolstcl 44-466] Opening hw_target localhost:3121/xilinx_tcf/Digilent/210292AD3623A
open_hw_target: Time (s): cpu = 00:00:06 ; elapsed = 00:00:06 . Memory (MB): peak = 2163.555 ; gain = 1237.602
set_property PROGRAM.FILE {C:/Users/Mitko/Desktop/CPE487 Digital System Design/Lab 6 - Video Game PONG/Lab 6 - Video Game PONG.runs/impl_1/pong.bit} [get_hw_devices xc7a100t_0]
current_hw_device [get_hw_devices xc7a100t_0]
refresh_hw_device -update_hw_probes false [lindex [get_hw_devices xc7a100t_0] 0]
INFO: [Labtools 27-1434] Device xc7a100t (JTAG device index = 0) is programmed with a design that has no supported debug core(s) in it.
set_property PROBES.FILE {} [get_hw_devices xc7a100t_0]
set_property FULL_PROBES.FILE {} [get_hw_devices xc7a100t_0]
set_property PROGRAM.FILE {C:/Users/Mitko/Desktop/CPE487 Digital System Design/Lab 6 - Video Game PONG/Lab 6 - Video Game PONG.runs/impl_1/pong.bit} [get_hw_devices xc7a100t_0]
program_hw_devices [get_hw_devices xc7a100t_0]
INFO: [Labtools 27-3164] End of startup status: HIGH
refresh_hw_device [lindex [get_hw_devices xc7a100t_0] 0]
INFO: [Labtools 27-1434] Device xc7a100t (JTAG device index = 0) is programmed with a design that has no supported debug core(s) in it.
update_compile_order -fileset sources_1
update_compile_order -fileset sources_1
update_compile_order -fileset sources_1
reset_run synth_1
launch_runs synth_1 -jobs 4
[Tue Apr 28 04:36:40 2020] Launched synth_1...
Run output will be captured here: C:/Users/Mitko/Desktop/CPE487 Digital System Design/Lab 6 - Video Game PONG/Lab 6 - Video Game PONG.runs/synth_1/runme.log
launch_runs impl_1 -jobs 4
[Tue Apr 28 04:37:45 2020] Launched impl_1...
Run output will be captured here: C:/Users/Mitko/Desktop/CPE487 Digital System Design/Lab 6 - Video Game PONG/Lab 6 - Video Game PONG.runs/impl_1/runme.log
launch_runs impl_1 -to_step write_bitstream -jobs 4
[Tue Apr 28 04:39:25 2020] Launched impl_1...
Run output will be captured here: C:/Users/Mitko/Desktop/CPE487 Digital System Design/Lab 6 - Video Game PONG/Lab 6 - Video Game PONG.runs/impl_1/runme.log
set_property PROBES.FILE {} [get_hw_devices xc7a100t_0]
set_property FULL_PROBES.FILE {} [get_hw_devices xc7a100t_0]
set_property PROGRAM.FILE {C:/Users/Mitko/Desktop/CPE487 Digital System Design/Lab 6 - Video Game PONG/Lab 6 - Video Game PONG.runs/impl_1/pong.bit} [get_hw_devices xc7a100t_0]
program_hw_devices [get_hw_devices xc7a100t_0]
INFO: [Labtools 27-3164] End of startup status: HIGH
refresh_hw_device [lindex [get_hw_devices xc7a100t_0] 0]
INFO: [Labtools 27-1434] Device xc7a100t (JTAG device index = 0) is programmed with a design that has no supported debug core(s) in it.
update_compile_order -fileset sources_1
update_compile_order -fileset sources_1
update_compile_order -fileset sources_1
update_compile_order -fileset sources_1
reset_run synth_1
launch_runs synth_1 -jobs 4
[Tue Apr 28 05:26:57 2020] Launched synth_1...
Run output will be captured here: C:/Users/Mitko/Desktop/CPE487 Digital System Design/Lab 6 - Video Game PONG/Lab 6 - Video Game PONG.runs/synth_1/runme.log
reset_run synth_1
launch_runs synth_1 -jobs 4
[Tue Apr 28 05:30:47 2020] Launched synth_1...
Run output will be captured here: C:/Users/Mitko/Desktop/CPE487 Digital System Design/Lab 6 - Video Game PONG/Lab 6 - Video Game PONG.runs/synth_1/runme.log
reset_run synth_1
launch_runs synth_1 -jobs 4
[Tue Apr 28 05:31:37 2020] Launched synth_1...
Run output will be captured here: C:/Users/Mitko/Desktop/CPE487 Digital System Design/Lab 6 - Video Game PONG/Lab 6 - Video Game PONG.runs/synth_1/runme.log
update_compile_order -fileset sources_1
update_compile_order -fileset sources_1
reset_run synth_1
launch_runs synth_1 -jobs 4
[Tue Apr 28 05:40:47 2020] Launched synth_1...
Run output will be captured here: C:/Users/Mitko/Desktop/CPE487 Digital System Design/Lab 6 - Video Game PONG/Lab 6 - Video Game PONG.runs/synth_1/runme.log
launch_runs impl_1 -jobs 4
[Tue Apr 28 05:41:52 2020] Launched impl_1...
Run output will be captured here: C:/Users/Mitko/Desktop/CPE487 Digital System Design/Lab 6 - Video Game PONG/Lab 6 - Video Game PONG.runs/impl_1/runme.log
close [ open {C:/Users/Mitko/Desktop/CPE487 Digital System Design/Lab 6 - Video Game PONG/Lab 6 - Video Game PONG.srcs/sources_1/new/leddec16.vhd} w ]
add_files {{C:/Users/Mitko/Desktop/CPE487 Digital System Design/Lab 6 - Video Game PONG/Lab 6 - Video Game PONG.srcs/sources_1/new/leddec16.vhd}}
update_compile_order -fileset sources_1
update_compile_order -fileset sources_1
update_compile_order -fileset sources_1
reset_run synth_1
launch_runs synth_1 -jobs 4
[Tue Apr 28 05:48:21 2020] Launched synth_1...
Run output will be captured here: C:/Users/Mitko/Desktop/CPE487 Digital System Design/Lab 6 - Video Game PONG/Lab 6 - Video Game PONG.runs/synth_1/runme.log
launch_runs impl_1 -jobs 4
[Tue Apr 28 05:49:25 2020] Launched impl_1...
Run output will be captured here: C:/Users/Mitko/Desktop/CPE487 Digital System Design/Lab 6 - Video Game PONG/Lab 6 - Video Game PONG.runs/impl_1/runme.log
launch_runs impl_1 -to_step write_bitstream -jobs 4
[Tue Apr 28 05:51:07 2020] Launched impl_1...
Run output will be captured here: C:/Users/Mitko/Desktop/CPE487 Digital System Design/Lab 6 - Video Game PONG/Lab 6 - Video Game PONG.runs/impl_1/runme.log
set_property PROBES.FILE {} [get_hw_devices xc7a100t_0]
set_property FULL_PROBES.FILE {} [get_hw_devices xc7a100t_0]
set_property PROGRAM.FILE {C:/Users/Mitko/Desktop/CPE487 Digital System Design/Lab 6 - Video Game PONG/Lab 6 - Video Game PONG.runs/impl_1/pong.bit} [get_hw_devices xc7a100t_0]
program_hw_devices [get_hw_devices xc7a100t_0]
INFO: [Labtools 27-3164] End of startup status: HIGH
refresh_hw_device [lindex [get_hw_devices xc7a100t_0] 0]
INFO: [Labtools 27-1434] Device xc7a100t (JTAG device index = 0) is programmed with a design that has no supported debug core(s) in it.
export_ip_user_files -of_objects  [get_files {{C:/Users/Mitko/Desktop/CPE487 Digital System Design/Lab 6 - Video Game PONG/Lab 6 - Video Game PONG.srcs/sources_1/new/leddec16.vhd}}] -no_script -reset -force -quiet
remove_files  {{C:/Users/Mitko/Desktop/CPE487 Digital System Design/Lab 6 - Video Game PONG/Lab 6 - Video Game PONG.srcs/sources_1/new/leddec16.vhd}}
update_compile_order -fileset sources_1
exit
INFO: [Common 17-206] Exiting Vivado at Tue Apr 28 05:55:43 2020...
