#-----------------------------------------------------------
# Vivado v2019.2 (64-bit)
# SW Build 2708876 on Wed Nov  6 21:40:23 MST 2019
# IP Build 2700528 on Thu Nov  7 00:09:20 MST 2019
# Start of session at: Thu Apr 23 13:03:21 2020
# Process ID: 7096
# Current directory: C:/Users/Mitko/Desktop/CPE487 Digital System Design/Lab 5 - DAC Siren
# Command line: vivado.exe -gui_launcher_event rodinguilauncherevent26484 C:\Users\Mitko\Desktop\CPE487 Digital System Design\Lab 5 - DAC Siren\Lab 5 - DAC Siren.xpr
# Log file: C:/Users/Mitko/Desktop/CPE487 Digital System Design/Lab 5 - DAC Siren/vivado.log
# Journal file: C:/Users/Mitko/Desktop/CPE487 Digital System Design/Lab 5 - DAC Siren\vivado.jou
#-----------------------------------------------------------
start_gui
open_project {C:/Users/Mitko/Desktop/CPE487 Digital System Design/Lab 5 - DAC Siren/Lab 5 - DAC Siren.xpr}
Scanning sources...
Finished scanning sources
INFO: [IP_Flow 19-234] Refreshing IP repositories
INFO: [IP_Flow 19-1704] No user IP repositories specified
INFO: [IP_Flow 19-2313] Loaded Vivado IP repository 'C:/Xilinx/Vivado/2019.2/data/ip'.
open_project: Time (s): cpu = 00:00:19 ; elapsed = 00:00:10 . Memory (MB): peak = 780.242 ; gain = 120.809
update_compile_order -fileset sources_1
launch_runs synth_1 -jobs 4
[Thu Apr 23 13:36:45 2020] Launched synth_1...
Run output will be captured here: C:/Users/Mitko/Desktop/CPE487 Digital System Design/Lab 5 - DAC Siren/Lab 5 - DAC Siren.runs/synth_1/runme.log
reset_run synth_1
launch_runs synth_1 -jobs 4
[Thu Apr 23 13:37:45 2020] Launched synth_1...
Run output will be captured here: C:/Users/Mitko/Desktop/CPE487 Digital System Design/Lab 5 - DAC Siren/Lab 5 - DAC Siren.runs/synth_1/runme.log
reset_run synth_1
launch_runs synth_1 -jobs 4
[Thu Apr 23 21:18:17 2020] Launched synth_1...
Run output will be captured here: C:/Users/Mitko/Desktop/CPE487 Digital System Design/Lab 5 - DAC Siren/Lab 5 - DAC Siren.runs/synth_1/runme.log
exit
INFO: [Common 17-206] Exiting Vivado at Fri Apr 24 18:56:53 2020...
